[20-Jul-2025 17:37:09 Europe/Berlin] PHP Warning:  Undefined variable $message in C:\xampp\htdocs\Classic\login.php on line 116
[20-Jul-2025 17:37:09 Europe/Berlin] PHP Warning:  Undefined variable $success in C:\xampp\htdocs\Classic\login.php on line 117
[20-Jul-2025 17:37:12 Europe/Berlin] PHP Warning:  Undefined variable $message in C:\xampp\htdocs\Classic\login.php on line 116
[20-Jul-2025 17:37:12 Europe/Berlin] PHP Warning:  Undefined variable $success in C:\xampp\htdocs\Classic\login.php on line 117
[20-Jul-2025 17:37:14 Europe/Berlin] PHP Warning:  Undefined variable $message in C:\xampp\htdocs\Classic\login.php on line 116
[20-Jul-2025 17:37:14 Europe/Berlin] PHP Warning:  Undefined variable $success in C:\xampp\htdocs\Classic\login.php on line 117
[20-Jul-2025 17:37:24 Europe/Berlin] PHP Warning:  Undefined variable $message in C:\xampp\htdocs\Classic\login.php on line 116
[20-Jul-2025 17:37:24 Europe/Berlin] PHP Warning:  Undefined variable $success in C:\xampp\htdocs\Classic\login.php on line 117
[20-Jul-2025 17:37:29 Europe/Berlin] PHP Warning:  Undefined variable $message in C:\xampp\htdocs\Classic\login.php on line 116
[20-Jul-2025 17:37:29 Europe/Berlin] PHP Warning:  Undefined variable $success in C:\xampp\htdocs\Classic\login.php on line 117
[20-Jul-2025 17:37:31 Europe/Berlin] PHP Warning:  Undefined variable $message in C:\xampp\htdocs\Classic\login.php on line 116
[20-Jul-2025 17:37:31 Europe/Berlin] PHP Warning:  Undefined variable $success in C:\xampp\htdocs\Classic\login.php on line 117
[20-Jul-2025 17:37:33 Europe/Berlin] PHP Warning:  Undefined variable $message in C:\xampp\htdocs\Classic\login.php on line 116
[20-Jul-2025 17:37:33 Europe/Berlin] PHP Warning:  Undefined variable $success in C:\xampp\htdocs\Classic\login.php on line 117
[20-Jul-2025 17:37:38 Europe/Berlin] PHP Warning:  Undefined variable $message in C:\xampp\htdocs\Classic\login.php on line 116
[20-Jul-2025 17:37:38 Europe/Berlin] PHP Warning:  Undefined variable $success in C:\xampp\htdocs\Classic\login.php on line 117
[20-Jul-2025 17:37:49 Europe/Berlin] PHP Warning:  Undefined variable $message in C:\xampp\htdocs\Classic\login.php on line 116
[20-Jul-2025 17:37:49 Europe/Berlin] PHP Warning:  Undefined variable $success in C:\xampp\htdocs\Classic\login.php on line 117
[20-Jul-2025 17:37:50 Europe/Berlin] PHP Warning:  Undefined variable $message in C:\xampp\htdocs\Classic\login.php on line 116
[20-Jul-2025 17:37:50 Europe/Berlin] PHP Warning:  Undefined variable $success in C:\xampp\htdocs\Classic\login.php on line 117
[20-Jul-2025 17:39:21 Europe/Berlin] PHP Warning:  Undefined variable $message in C:\xampp\htdocs\Classic\login.php on line 116
[20-Jul-2025 17:39:21 Europe/Berlin] PHP Warning:  Undefined variable $success in C:\xampp\htdocs\Classic\login.php on line 117
[20-Jul-2025 17:39:23 Europe/Berlin] PHP Warning:  Undefined variable $message in C:\xampp\htdocs\Classic\login.php on line 116
[20-Jul-2025 17:39:23 Europe/Berlin] PHP Warning:  Undefined variable $success in C:\xampp\htdocs\Classic\login.php on line 117
[20-Jul-2025 17:40:54 Europe/Berlin] PHP Warning:  Undefined variable $message in C:\xampp\htdocs\Classic\login.php on line 116
[20-Jul-2025 17:40:54 Europe/Berlin] PHP Warning:  Undefined variable $success in C:\xampp\htdocs\Classic\login.php on line 117
[20-Jul-2025 17:40:57 Europe/Berlin] PHP Warning:  Undefined variable $message in C:\xampp\htdocs\Classic\login.php on line 116
[20-Jul-2025 17:40:57 Europe/Berlin] PHP Warning:  Undefined variable $success in C:\xampp\htdocs\Classic\login.php on line 117
[20-Jul-2025 17:40:58 Europe/Berlin] PHP Warning:  Undefined variable $message in C:\xampp\htdocs\Classic\login.php on line 116
[20-Jul-2025 17:40:58 Europe/Berlin] PHP Warning:  Undefined variable $success in C:\xampp\htdocs\Classic\login.php on line 117
[20-Jul-2025 17:46:36 Europe/Berlin] PHP Warning:  Undefined variable $message in C:\xampp\htdocs\Classic\login.php on line 116
[20-Jul-2025 17:46:36 Europe/Berlin] PHP Warning:  Undefined variable $success in C:\xampp\htdocs\Classic\login.php on line 117
[20-Jul-2025 17:46:39 Europe/Berlin] PHP Warning:  Undefined variable $message in C:\xampp\htdocs\Classic\login.php on line 116
[20-Jul-2025 17:46:39 Europe/Berlin] PHP Warning:  Undefined variable $success in C:\xampp\htdocs\Classic\login.php on line 117
[20-Jul-2025 17:46:41 Europe/Berlin] PHP Warning:  Undefined variable $message in C:\xampp\htdocs\Classic\login.php on line 116
[20-Jul-2025 17:46:41 Europe/Berlin] PHP Warning:  Undefined variable $success in C:\xampp\htdocs\Classic\login.php on line 117
[20-Jul-2025 17:47:17 Europe/Berlin] PHP Warning:  Undefined variable $message in C:\xampp\htdocs\Classic\login.php on line 116
[20-Jul-2025 17:47:17 Europe/Berlin] PHP Warning:  Undefined variable $success in C:\xampp\htdocs\Classic\login.php on line 117
[20-Jul-2025 17:47:18 Europe/Berlin] PHP Warning:  Undefined variable $message in C:\xampp\htdocs\Classic\login.php on line 116
[20-Jul-2025 17:47:18 Europe/Berlin] PHP Warning:  Undefined variable $success in C:\xampp\htdocs\Classic\login.php on line 117
[20-Jul-2025 17:47:19 Europe/Berlin] PHP Warning:  Undefined variable $message in C:\xampp\htdocs\Classic\login.php on line 116
[20-Jul-2025 17:47:19 Europe/Berlin] PHP Warning:  Undefined variable $success in C:\xampp\htdocs\Classic\login.php on line 117
[20-Jul-2025 17:47:20 Europe/Berlin] PHP Warning:  Undefined variable $message in C:\xampp\htdocs\Classic\login.php on line 116
[20-Jul-2025 17:47:20 Europe/Berlin] PHP Warning:  Undefined variable $success in C:\xampp\htdocs\Classic\login.php on line 117
[20-Jul-2025 17:47:21 Europe/Berlin] PHP Warning:  Undefined variable $message in C:\xampp\htdocs\Classic\login.php on line 116
[20-Jul-2025 17:47:21 Europe/Berlin] PHP Warning:  Undefined variable $success in C:\xampp\htdocs\Classic\login.php on line 117
[20-Jul-2025 17:47:24 Europe/Berlin] PHP Warning:  Undefined variable $message in C:\xampp\htdocs\Classic\login.php on line 116
[20-Jul-2025 17:47:24 Europe/Berlin] PHP Warning:  Undefined variable $success in C:\xampp\htdocs\Classic\login.php on line 117
[20-Jul-2025 17:47:51 Europe/Berlin] PHP Warning:  Undefined variable $message in C:\xampp\htdocs\Classic\login.php on line 119
[20-Jul-2025 17:47:51 Europe/Berlin] PHP Warning:  Undefined variable $success in C:\xampp\htdocs\Classic\login.php on line 120
[20-Jul-2025 17:47:55 Europe/Berlin] PHP Warning:  Undefined variable $message in C:\xampp\htdocs\Classic\login.php on line 119
[20-Jul-2025 17:47:55 Europe/Berlin] PHP Warning:  Undefined variable $success in C:\xampp\htdocs\Classic\login.php on line 120
[20-Jul-2025 17:47:59 Europe/Berlin] PHP Warning:  Undefined variable $success in C:\xampp\htdocs\Classic\login.php on line 120
[20-Jul-2025 17:48:05 Europe/Berlin] PHP Warning:  Undefined variable $success in C:\xampp\htdocs\Classic\login.php on line 120
[20-Jul-2025 17:48:23 Europe/Berlin] PHP Warning:  Undefined variable $success in C:\xampp\htdocs\Classic\login.php on line 120
[20-Jul-2025 17:49:15 Europe/Berlin] PHP Warning:  Undefined variable $message in C:\xampp\htdocs\Classic\login.php on line 119
[20-Jul-2025 17:49:15 Europe/Berlin] PHP Warning:  Undefined variable $success in C:\xampp\htdocs\Classic\login.php on line 120
[20-Jul-2025 17:50:08 Europe/Berlin] PHP Warning:  Undefined array key "cart_item" in C:\xampp\htdocs\Classic\dishes.php on line 128
[20-Jul-2025 17:50:08 Europe/Berlin] PHP Warning:  foreach() argument must be of type array|object, null given in C:\xampp\htdocs\Classic\dishes.php on line 128
[20-Jul-2025 17:50:08 Europe/Berlin] PHP Warning:  Undefined array key "cart_item" in C:\xampp\htdocs\Classic\dishes.php on line 128
[20-Jul-2025 17:50:08 Europe/Berlin] PHP Warning:  foreach() argument must be of type array|object, null given in C:\xampp\htdocs\Classic\dishes.php on line 128
[20-Jul-2025 17:50:09 Europe/Berlin] PHP Warning:  Undefined array key "cart_item" in C:\xampp\htdocs\Classic\dishes.php on line 128
[20-Jul-2025 17:50:09 Europe/Berlin] PHP Warning:  foreach() argument must be of type array|object, null given in C:\xampp\htdocs\Classic\dishes.php on line 128
[20-Jul-2025 17:53:38 Europe/Berlin] PHP Warning:  Undefined variable $item_total in C:\xampp\htdocs\Classic\checkout.php on line 31
[20-Jul-2025 17:53:38 Europe/Berlin] PHP Warning:  Undefined array key "submit" in C:\xampp\htdocs\Classic\checkout.php on line 33
[20-Jul-2025 17:53:38 Europe/Berlin] PHP Warning:  Undefined array key "submit" in C:\xampp\htdocs\Classic\checkout.php on line 33
[20-Jul-2025 17:53:38 Europe/Berlin] PHP Warning:  Undefined variable $success in C:\xampp\htdocs\Classic\checkout.php on line 118
[20-Jul-2025 17:53:38 Europe/Berlin] PHP Warning:  Undefined variable $item_total in C:\xampp\htdocs\Classic\checkout.php on line 31
[20-Jul-2025 17:53:38 Europe/Berlin] PHP Warning:  Undefined array key "submit" in C:\xampp\htdocs\Classic\checkout.php on line 33
[20-Jul-2025 17:53:38 Europe/Berlin] PHP Warning:  Undefined array key "submit" in C:\xampp\htdocs\Classic\checkout.php on line 33
[20-Jul-2025 17:53:38 Europe/Berlin] PHP Warning:  Undefined variable $success in C:\xampp\htdocs\Classic\checkout.php on line 118
[20-Jul-2025 17:53:38 Europe/Berlin] PHP Warning:  Undefined variable $item_total in C:\xampp\htdocs\Classic\checkout.php on line 31
[20-Jul-2025 17:53:38 Europe/Berlin] PHP Warning:  Undefined array key "submit" in C:\xampp\htdocs\Classic\checkout.php on line 33
[20-Jul-2025 17:53:38 Europe/Berlin] PHP Warning:  Undefined array key "submit" in C:\xampp\htdocs\Classic\checkout.php on line 33
[20-Jul-2025 17:53:38 Europe/Berlin] PHP Warning:  Undefined variable $success in C:\xampp\htdocs\Classic\checkout.php on line 118
[20-Jul-2025 17:53:38 Europe/Berlin] PHP Warning:  Undefined variable $item_total in C:\xampp\htdocs\Classic\checkout.php on line 31
[20-Jul-2025 17:53:38 Europe/Berlin] PHP Warning:  Undefined array key "submit" in C:\xampp\htdocs\Classic\checkout.php on line 33
[20-Jul-2025 17:53:38 Europe/Berlin] PHP Warning:  Undefined array key "submit" in C:\xampp\htdocs\Classic\checkout.php on line 33
[20-Jul-2025 17:53:38 Europe/Berlin] PHP Warning:  Undefined variable $success in C:\xampp\htdocs\Classic\checkout.php on line 118
[20-Jul-2025 17:53:45 Europe/Berlin] PHP Warning:  Undefined variable $item_total in C:\xampp\htdocs\Classic\checkout.php on line 31
[20-Jul-2025 18:10:48 Europe/Berlin] PHP Warning:  Undefined variable $message in C:\xampp\htdocs\Classic\login.php on line 119
[20-Jul-2025 18:10:48 Europe/Berlin] PHP Warning:  Undefined variable $success in C:\xampp\htdocs\Classic\login.php on line 120
[20-Jul-2025 18:10:54 Europe/Berlin] PHP Warning:  Undefined variable $message in C:\xampp\htdocs\Classic\login.php on line 119
[20-Jul-2025 18:10:54 Europe/Berlin] PHP Warning:  Undefined variable $success in C:\xampp\htdocs\Classic\login.php on line 120
[22-Jul-2025 14:27:30 Europe/Berlin] PHP Warning:  Undefined variable $message in C:\xampp\htdocs\Classic\login.php on line 121
[22-Jul-2025 14:27:30 Europe/Berlin] PHP Warning:  Undefined variable $success in C:\xampp\htdocs\Classic\login.php on line 122
[22-Jul-2025 14:27:33 Europe/Berlin] PHP Warning:  Undefined variable $message in C:\xampp\htdocs\Classic\login.php on line 121
[22-Jul-2025 14:27:33 Europe/Berlin] PHP Warning:  Undefined variable $success in C:\xampp\htdocs\Classic\login.php on line 122
[22-Jul-2025 15:43:45 Europe/Berlin] PHP Warning:  Undefined variable $message in C:\xampp\htdocs\Classic\login.php on line 121
[22-Jul-2025 15:43:45 Europe/Berlin] PHP Warning:  Undefined variable $success in C:\xampp\htdocs\Classic\login.php on line 122
[22-Jul-2025 15:43:47 Europe/Berlin] PHP Warning:  Undefined variable $message in C:\xampp\htdocs\Classic\login.php on line 121
[22-Jul-2025 15:43:47 Europe/Berlin] PHP Warning:  Undefined variable $success in C:\xampp\htdocs\Classic\login.php on line 122
