[20-Jul-2025 16:49:51 Europe/Berlin] PHP Warning:  Undefined variable $row in C:\xampp\htdocs\Classic\admin\all_orders.php on line 173
[20-Jul-2025 16:49:51 Europe/Berlin] PHP Warning:  Trying to access array offset on value of type null in C:\xampp\htdocs\Classic\admin\all_orders.php on line 173
[20-Jul-2025 16:49:51 Europe/Berlin] PHP Warning:  Undefined variable $row in C:\xampp\htdocs\Classic\admin\all_orders.php on line 174
[20-Jul-2025 16:49:51 Europe/Berlin] PHP Warning:  Trying to access array offset on value of type null in C:\xampp\htdocs\Classic\admin\all_orders.php on line 174
[20-Jul-2025 16:49:51 Europe/Berlin] PHP Warning:  Undefined variable $row in C:\xampp\htdocs\Classic\admin\all_orders.php on line 175
[20-Jul-2025 16:49:51 Europe/Berlin] PHP Warning:  Trying to access array offset on value of type null in C:\xampp\htdocs\Classic\admin\all_orders.php on line 175
[20-Jul-2025 16:49:51 Europe/Berlin] PHP Warning:  Undefined variable $row in C:\xampp\htdocs\Classic\admin\all_orders.php on line 176
[20-Jul-2025 16:49:51 Europe/Berlin] PHP Warning:  Trying to access array offset on value of type null in C:\xampp\htdocs\Classic\admin\all_orders.php on line 176
[20-Jul-2025 16:49:51 Europe/Berlin] PHP Warning:  Undefined variable $row in C:\xampp\htdocs\Classic\admin\all_orders.php on line 173
[20-Jul-2025 16:49:51 Europe/Berlin] PHP Warning:  Trying to access array offset on value of type null in C:\xampp\htdocs\Classic\admin\all_orders.php on line 173
[20-Jul-2025 16:49:51 Europe/Berlin] PHP Warning:  Undefined variable $row in C:\xampp\htdocs\Classic\admin\all_orders.php on line 174
[20-Jul-2025 16:49:51 Europe/Berlin] PHP Warning:  Trying to access array offset on value of type null in C:\xampp\htdocs\Classic\admin\all_orders.php on line 174
[20-Jul-2025 16:49:51 Europe/Berlin] PHP Warning:  Undefined variable $row in C:\xampp\htdocs\Classic\admin\all_orders.php on line 175
[20-Jul-2025 16:49:51 Europe/Berlin] PHP Warning:  Trying to access array offset on value of type null in C:\xampp\htdocs\Classic\admin\all_orders.php on line 175
[20-Jul-2025 16:49:51 Europe/Berlin] PHP Warning:  Undefined variable $row in C:\xampp\htdocs\Classic\admin\all_orders.php on line 176
[20-Jul-2025 16:49:51 Europe/Berlin] PHP Warning:  Trying to access array offset on value of type null in C:\xampp\htdocs\Classic\admin\all_orders.php on line 176
[20-Jul-2025 16:49:51 Europe/Berlin] PHP Warning:  Undefined variable $row in C:\xampp\htdocs\Classic\admin\all_orders.php on line 173
[20-Jul-2025 16:49:51 Europe/Berlin] PHP Warning:  Trying to access array offset on value of type null in C:\xampp\htdocs\Classic\admin\all_orders.php on line 173
[20-Jul-2025 16:49:51 Europe/Berlin] PHP Warning:  Undefined variable $row in C:\xampp\htdocs\Classic\admin\all_orders.php on line 174
[20-Jul-2025 16:49:51 Europe/Berlin] PHP Warning:  Trying to access array offset on value of type null in C:\xampp\htdocs\Classic\admin\all_orders.php on line 174
[20-Jul-2025 16:49:51 Europe/Berlin] PHP Warning:  Undefined variable $row in C:\xampp\htdocs\Classic\admin\all_orders.php on line 175
[20-Jul-2025 16:49:51 Europe/Berlin] PHP Warning:  Trying to access array offset on value of type null in C:\xampp\htdocs\Classic\admin\all_orders.php on line 175
[20-Jul-2025 16:49:51 Europe/Berlin] PHP Warning:  Undefined variable $row in C:\xampp\htdocs\Classic\admin\all_orders.php on line 176
[20-Jul-2025 16:49:51 Europe/Berlin] PHP Warning:  Trying to access array offset on value of type null in C:\xampp\htdocs\Classic\admin\all_orders.php on line 176
[20-Jul-2025 16:49:51 Europe/Berlin] PHP Warning:  Undefined variable $row in C:\xampp\htdocs\Classic\admin\all_orders.php on line 173
[20-Jul-2025 16:49:51 Europe/Berlin] PHP Warning:  Trying to access array offset on value of type null in C:\xampp\htdocs\Classic\admin\all_orders.php on line 173
[20-Jul-2025 16:49:51 Europe/Berlin] PHP Warning:  Undefined variable $row in C:\xampp\htdocs\Classic\admin\all_orders.php on line 174
[20-Jul-2025 16:49:51 Europe/Berlin] PHP Warning:  Trying to access array offset on value of type null in C:\xampp\htdocs\Classic\admin\all_orders.php on line 174
[20-Jul-2025 16:49:51 Europe/Berlin] PHP Warning:  Undefined variable $row in C:\xampp\htdocs\Classic\admin\all_orders.php on line 175
[20-Jul-2025 16:49:51 Europe/Berlin] PHP Warning:  Trying to access array offset on value of type null in C:\xampp\htdocs\Classic\admin\all_orders.php on line 175
[20-Jul-2025 16:49:51 Europe/Berlin] PHP Warning:  Undefined variable $row in C:\xampp\htdocs\Classic\admin\all_orders.php on line 176
[20-Jul-2025 16:49:51 Europe/Berlin] PHP Warning:  Trying to access array offset on value of type null in C:\xampp\htdocs\Classic\admin\all_orders.php on line 176
[20-Jul-2025 16:49:51 Europe/Berlin] PHP Warning:  Undefined variable $row in C:\xampp\htdocs\Classic\admin\all_orders.php on line 173
[20-Jul-2025 16:49:51 Europe/Berlin] PHP Warning:  Trying to access array offset on value of type null in C:\xampp\htdocs\Classic\admin\all_orders.php on line 173
[20-Jul-2025 16:49:51 Europe/Berlin] PHP Warning:  Undefined variable $row in C:\xampp\htdocs\Classic\admin\all_orders.php on line 174
[20-Jul-2025 16:49:51 Europe/Berlin] PHP Warning:  Trying to access array offset on value of type null in C:\xampp\htdocs\Classic\admin\all_orders.php on line 174
[20-Jul-2025 16:49:51 Europe/Berlin] PHP Warning:  Undefined variable $row in C:\xampp\htdocs\Classic\admin\all_orders.php on line 175
[20-Jul-2025 16:49:51 Europe/Berlin] PHP Warning:  Trying to access array offset on value of type null in C:\xampp\htdocs\Classic\admin\all_orders.php on line 175
[20-Jul-2025 16:49:51 Europe/Berlin] PHP Warning:  Undefined variable $row in C:\xampp\htdocs\Classic\admin\all_orders.php on line 176
[20-Jul-2025 16:49:51 Europe/Berlin] PHP Warning:  Trying to access array offset on value of type null in C:\xampp\htdocs\Classic\admin\all_orders.php on line 176
[20-Jul-2025 16:49:58 Europe/Berlin] PHP Warning:  Undefined variable $message in C:\xampp\htdocs\Classic\admin\index.php on line 63
[20-Jul-2025 16:49:58 Europe/Berlin] PHP Warning:  Undefined variable $success in C:\xampp\htdocs\Classic\admin\index.php on line 64
[20-Jul-2025 16:50:02 Europe/Berlin] PHP Warning:  Undefined variable $message in C:\xampp\htdocs\Classic\admin\index.php on line 63
[20-Jul-2025 16:50:02 Europe/Berlin] PHP Warning:  Undefined variable $success in C:\xampp\htdocs\Classic\admin\index.php on line 64
[20-Jul-2025 16:51:06 Europe/Berlin] PHP Warning:  Undefined variable $error in C:\xampp\htdocs\Classic\admin\update_users.php on line 215
[20-Jul-2025 16:51:06 Europe/Berlin] PHP Warning:  Undefined variable $success in C:\xampp\htdocs\Classic\admin\update_users.php on line 216
[20-Jul-2025 16:51:21 Europe/Berlin] PHP Warning:  Undefined variable $error in C:\xampp\htdocs\Classic\admin\update_users.php on line 215
[20-Jul-2025 16:52:39 Europe/Berlin] PHP Warning:  Undefined variable $row in C:\xampp\htdocs\Classic\admin\all_orders.php on line 173
[20-Jul-2025 16:52:39 Europe/Berlin] PHP Warning:  Trying to access array offset on value of type null in C:\xampp\htdocs\Classic\admin\all_orders.php on line 173
[20-Jul-2025 16:52:39 Europe/Berlin] PHP Warning:  Undefined variable $row in C:\xampp\htdocs\Classic\admin\all_orders.php on line 174
[20-Jul-2025 16:52:39 Europe/Berlin] PHP Warning:  Trying to access array offset on value of type null in C:\xampp\htdocs\Classic\admin\all_orders.php on line 174
[20-Jul-2025 16:52:39 Europe/Berlin] PHP Warning:  Undefined variable $row in C:\xampp\htdocs\Classic\admin\all_orders.php on line 175
[20-Jul-2025 16:52:39 Europe/Berlin] PHP Warning:  Trying to access array offset on value of type null in C:\xampp\htdocs\Classic\admin\all_orders.php on line 175
[20-Jul-2025 16:52:39 Europe/Berlin] PHP Warning:  Undefined variable $row in C:\xampp\htdocs\Classic\admin\all_orders.php on line 176
[20-Jul-2025 16:52:39 Europe/Berlin] PHP Warning:  Trying to access array offset on value of type null in C:\xampp\htdocs\Classic\admin\all_orders.php on line 176
[20-Jul-2025 16:52:39 Europe/Berlin] PHP Warning:  Undefined variable $row in C:\xampp\htdocs\Classic\admin\all_orders.php on line 173
[20-Jul-2025 16:52:39 Europe/Berlin] PHP Warning:  Trying to access array offset on value of type null in C:\xampp\htdocs\Classic\admin\all_orders.php on line 173
[20-Jul-2025 16:52:39 Europe/Berlin] PHP Warning:  Undefined variable $row in C:\xampp\htdocs\Classic\admin\all_orders.php on line 174
[20-Jul-2025 16:52:39 Europe/Berlin] PHP Warning:  Trying to access array offset on value of type null in C:\xampp\htdocs\Classic\admin\all_orders.php on line 174
[20-Jul-2025 16:52:39 Europe/Berlin] PHP Warning:  Undefined variable $row in C:\xampp\htdocs\Classic\admin\all_orders.php on line 175
[20-Jul-2025 16:52:39 Europe/Berlin] PHP Warning:  Trying to access array offset on value of type null in C:\xampp\htdocs\Classic\admin\all_orders.php on line 175
[20-Jul-2025 16:52:39 Europe/Berlin] PHP Warning:  Undefined variable $row in C:\xampp\htdocs\Classic\admin\all_orders.php on line 176
[20-Jul-2025 16:52:39 Europe/Berlin] PHP Warning:  Trying to access array offset on value of type null in C:\xampp\htdocs\Classic\admin\all_orders.php on line 176
[20-Jul-2025 16:52:39 Europe/Berlin] PHP Warning:  Undefined variable $row in C:\xampp\htdocs\Classic\admin\all_orders.php on line 173
[20-Jul-2025 16:52:39 Europe/Berlin] PHP Warning:  Trying to access array offset on value of type null in C:\xampp\htdocs\Classic\admin\all_orders.php on line 173
[20-Jul-2025 16:52:39 Europe/Berlin] PHP Warning:  Undefined variable $row in C:\xampp\htdocs\Classic\admin\all_orders.php on line 174
[20-Jul-2025 16:52:39 Europe/Berlin] PHP Warning:  Trying to access array offset on value of type null in C:\xampp\htdocs\Classic\admin\all_orders.php on line 174
[20-Jul-2025 16:52:39 Europe/Berlin] PHP Warning:  Undefined variable $row in C:\xampp\htdocs\Classic\admin\all_orders.php on line 175
[20-Jul-2025 16:52:39 Europe/Berlin] PHP Warning:  Trying to access array offset on value of type null in C:\xampp\htdocs\Classic\admin\all_orders.php on line 175
[20-Jul-2025 16:52:39 Europe/Berlin] PHP Warning:  Undefined variable $row in C:\xampp\htdocs\Classic\admin\all_orders.php on line 176
[20-Jul-2025 16:52:39 Europe/Berlin] PHP Warning:  Trying to access array offset on value of type null in C:\xampp\htdocs\Classic\admin\all_orders.php on line 176
[20-Jul-2025 16:52:39 Europe/Berlin] PHP Warning:  Undefined variable $row in C:\xampp\htdocs\Classic\admin\all_orders.php on line 173
[20-Jul-2025 16:52:39 Europe/Berlin] PHP Warning:  Trying to access array offset on value of type null in C:\xampp\htdocs\Classic\admin\all_orders.php on line 173
[20-Jul-2025 16:52:39 Europe/Berlin] PHP Warning:  Undefined variable $row in C:\xampp\htdocs\Classic\admin\all_orders.php on line 174
[20-Jul-2025 16:52:39 Europe/Berlin] PHP Warning:  Trying to access array offset on value of type null in C:\xampp\htdocs\Classic\admin\all_orders.php on line 174
[20-Jul-2025 16:52:39 Europe/Berlin] PHP Warning:  Undefined variable $row in C:\xampp\htdocs\Classic\admin\all_orders.php on line 175
[20-Jul-2025 16:52:39 Europe/Berlin] PHP Warning:  Trying to access array offset on value of type null in C:\xampp\htdocs\Classic\admin\all_orders.php on line 175
[20-Jul-2025 16:52:39 Europe/Berlin] PHP Warning:  Undefined variable $row in C:\xampp\htdocs\Classic\admin\all_orders.php on line 176
[20-Jul-2025 16:52:39 Europe/Berlin] PHP Warning:  Trying to access array offset on value of type null in C:\xampp\htdocs\Classic\admin\all_orders.php on line 176
[20-Jul-2025 16:52:39 Europe/Berlin] PHP Warning:  Undefined variable $row in C:\xampp\htdocs\Classic\admin\all_orders.php on line 173
[20-Jul-2025 16:52:39 Europe/Berlin] PHP Warning:  Trying to access array offset on value of type null in C:\xampp\htdocs\Classic\admin\all_orders.php on line 173
[20-Jul-2025 16:52:39 Europe/Berlin] PHP Warning:  Undefined variable $row in C:\xampp\htdocs\Classic\admin\all_orders.php on line 174
[20-Jul-2025 16:52:39 Europe/Berlin] PHP Warning:  Trying to access array offset on value of type null in C:\xampp\htdocs\Classic\admin\all_orders.php on line 174
[20-Jul-2025 16:52:39 Europe/Berlin] PHP Warning:  Undefined variable $row in C:\xampp\htdocs\Classic\admin\all_orders.php on line 175
[20-Jul-2025 16:52:39 Europe/Berlin] PHP Warning:  Trying to access array offset on value of type null in C:\xampp\htdocs\Classic\admin\all_orders.php on line 175
[20-Jul-2025 16:52:39 Europe/Berlin] PHP Warning:  Undefined variable $row in C:\xampp\htdocs\Classic\admin\all_orders.php on line 176
[20-Jul-2025 16:52:39 Europe/Berlin] PHP Warning:  Trying to access array offset on value of type null in C:\xampp\htdocs\Classic\admin\all_orders.php on line 176
[20-Jul-2025 17:53:50 Europe/Berlin] PHP Warning:  Undefined variable $row in C:\xampp\htdocs\Classic\admin\all_orders.php on line 173
[20-Jul-2025 17:53:50 Europe/Berlin] PHP Warning:  Trying to access array offset on value of type null in C:\xampp\htdocs\Classic\admin\all_orders.php on line 173
[20-Jul-2025 17:53:50 Europe/Berlin] PHP Warning:  Undefined variable $row in C:\xampp\htdocs\Classic\admin\all_orders.php on line 174
[20-Jul-2025 17:53:50 Europe/Berlin] PHP Warning:  Trying to access array offset on value of type null in C:\xampp\htdocs\Classic\admin\all_orders.php on line 174
[20-Jul-2025 17:53:50 Europe/Berlin] PHP Warning:  Undefined variable $row in C:\xampp\htdocs\Classic\admin\all_orders.php on line 175
[20-Jul-2025 17:53:50 Europe/Berlin] PHP Warning:  Trying to access array offset on value of type null in C:\xampp\htdocs\Classic\admin\all_orders.php on line 175
[20-Jul-2025 17:53:50 Europe/Berlin] PHP Warning:  Undefined variable $row in C:\xampp\htdocs\Classic\admin\all_orders.php on line 176
[20-Jul-2025 17:53:50 Europe/Berlin] PHP Warning:  Trying to access array offset on value of type null in C:\xampp\htdocs\Classic\admin\all_orders.php on line 176
[20-Jul-2025 17:53:50 Europe/Berlin] PHP Warning:  Undefined variable $row in C:\xampp\htdocs\Classic\admin\all_orders.php on line 173
[20-Jul-2025 17:53:50 Europe/Berlin] PHP Warning:  Trying to access array offset on value of type null in C:\xampp\htdocs\Classic\admin\all_orders.php on line 173
[20-Jul-2025 17:53:50 Europe/Berlin] PHP Warning:  Undefined variable $row in C:\xampp\htdocs\Classic\admin\all_orders.php on line 174
[20-Jul-2025 17:53:50 Europe/Berlin] PHP Warning:  Trying to access array offset on value of type null in C:\xampp\htdocs\Classic\admin\all_orders.php on line 174
[20-Jul-2025 17:53:50 Europe/Berlin] PHP Warning:  Undefined variable $row in C:\xampp\htdocs\Classic\admin\all_orders.php on line 175
[20-Jul-2025 17:53:50 Europe/Berlin] PHP Warning:  Trying to access array offset on value of type null in C:\xampp\htdocs\Classic\admin\all_orders.php on line 175
[20-Jul-2025 17:53:50 Europe/Berlin] PHP Warning:  Undefined variable $row in C:\xampp\htdocs\Classic\admin\all_orders.php on line 176
[20-Jul-2025 17:53:50 Europe/Berlin] PHP Warning:  Trying to access array offset on value of type null in C:\xampp\htdocs\Classic\admin\all_orders.php on line 176
[22-Jul-2025 13:50:26 Europe/Berlin] PHP Warning:  Undefined variable $message in C:\xampp\htdocs\Classic\admin\index.php on line 63
[22-Jul-2025 13:50:26 Europe/Berlin] PHP Warning:  Undefined variable $success in C:\xampp\htdocs\Classic\admin\index.php on line 64
[22-Jul-2025 13:50:28 Europe/Berlin] PHP Warning:  Undefined variable $message in C:\xampp\htdocs\Classic\admin\index.php on line 63
[22-Jul-2025 13:50:28 Europe/Berlin] PHP Warning:  Undefined variable $success in C:\xampp\htdocs\Classic\admin\index.php on line 64
[22-Jul-2025 15:43:22 Europe/Berlin] PHP Warning:  Undefined variable $message in C:\xampp\htdocs\Classic\admin\index.php on line 63
[22-Jul-2025 15:43:22 Europe/Berlin] PHP Warning:  Undefined variable $success in C:\xampp\htdocs\Classic\admin\index.php on line 64
[22-Jul-2025 15:43:26 Europe/Berlin] PHP Warning:  Undefined variable $message in C:\xampp\htdocs\Classic\admin\index.php on line 63
[22-Jul-2025 15:43:26 Europe/Berlin] PHP Warning:  Undefined variable $success in C:\xampp\htdocs\Classic\admin\index.php on line 64
[22-Jul-2025 15:43:27 Europe/Berlin] PHP Warning:  Undefined array key "admin_name" in C:\xampp\htdocs\Classic\admin\dashboard.php on line 11
[22-Jul-2025 15:43:27 Europe/Berlin] PHP Deprecated:  htmlspecialchars(): Passing null to parameter #1 ($string) of type string is deprecated in C:\xampp\htdocs\Classic\admin\dashboard.php on line 11
[22-Jul-2025 15:43:36 Europe/Berlin] PHP Warning:  Undefined array key "admin_name" in C:\xampp\htdocs\Classic\admin\dashboard.php on line 11
[22-Jul-2025 15:43:36 Europe/Berlin] PHP Deprecated:  htmlspecialchars(): Passing null to parameter #1 ($string) of type string is deprecated in C:\xampp\htdocs\Classic\admin\dashboard.php on line 11
[22-Jul-2025 16:02:39 Europe/Berlin] PHP Warning:  Undefined variable $row in C:\xampp\htdocs\Classic\admin\all_orders.php on line 173
[22-Jul-2025 16:02:39 Europe/Berlin] PHP Warning:  Trying to access array offset on value of type null in C:\xampp\htdocs\Classic\admin\all_orders.php on line 173
[22-Jul-2025 16:02:39 Europe/Berlin] PHP Warning:  Undefined variable $row in C:\xampp\htdocs\Classic\admin\all_orders.php on line 174
[22-Jul-2025 16:02:39 Europe/Berlin] PHP Warning:  Trying to access array offset on value of type null in C:\xampp\htdocs\Classic\admin\all_orders.php on line 174
[22-Jul-2025 16:02:39 Europe/Berlin] PHP Warning:  Undefined variable $row in C:\xampp\htdocs\Classic\admin\all_orders.php on line 175
[22-Jul-2025 16:02:39 Europe/Berlin] PHP Warning:  Trying to access array offset on value of type null in C:\xampp\htdocs\Classic\admin\all_orders.php on line 175
[22-Jul-2025 16:02:39 Europe/Berlin] PHP Warning:  Undefined variable $row in C:\xampp\htdocs\Classic\admin\all_orders.php on line 176
[22-Jul-2025 16:02:39 Europe/Berlin] PHP Warning:  Trying to access array offset on value of type null in C:\xampp\htdocs\Classic\admin\all_orders.php on line 176
[22-Jul-2025 16:02:39 Europe/Berlin] PHP Warning:  Undefined variable $row in C:\xampp\htdocs\Classic\admin\all_orders.php on line 173
[22-Jul-2025 16:02:39 Europe/Berlin] PHP Warning:  Trying to access array offset on value of type null in C:\xampp\htdocs\Classic\admin\all_orders.php on line 173
[22-Jul-2025 16:02:39 Europe/Berlin] PHP Warning:  Undefined variable $row in C:\xampp\htdocs\Classic\admin\all_orders.php on line 174
[22-Jul-2025 16:02:39 Europe/Berlin] PHP Warning:  Trying to access array offset on value of type null in C:\xampp\htdocs\Classic\admin\all_orders.php on line 174
[22-Jul-2025 16:02:39 Europe/Berlin] PHP Warning:  Undefined variable $row in C:\xampp\htdocs\Classic\admin\all_orders.php on line 175
[22-Jul-2025 16:02:39 Europe/Berlin] PHP Warning:  Trying to access array offset on value of type null in C:\xampp\htdocs\Classic\admin\all_orders.php on line 175
[22-Jul-2025 16:02:39 Europe/Berlin] PHP Warning:  Undefined variable $row in C:\xampp\htdocs\Classic\admin\all_orders.php on line 176
[22-Jul-2025 16:02:39 Europe/Berlin] PHP Warning:  Trying to access array offset on value of type null in C:\xampp\htdocs\Classic\admin\all_orders.php on line 176
[22-Jul-2025 16:02:51 Europe/Berlin] PHP Warning:  Undefined array key "admin_name" in C:\xampp\htdocs\Classic\admin\dashboard.php on line 11
[22-Jul-2025 16:02:51 Europe/Berlin] PHP Deprecated:  htmlspecialchars(): Passing null to parameter #1 ($string) of type string is deprecated in C:\xampp\htdocs\Classic\admin\dashboard.php on line 11
[22-Jul-2025 16:02:51 Europe/Berlin] PHP Warning:  Undefined variable $message in C:\xampp\htdocs\Classic\admin\index.php on line 63
[22-Jul-2025 16:02:51 Europe/Berlin] PHP Warning:  Undefined variable $success in C:\xampp\htdocs\Classic\admin\index.php on line 64
[22-Jul-2025 16:02:56 Europe/Berlin] PHP Warning:  Undefined variable $message in C:\xampp\htdocs\Classic\admin\index.php on line 63
[22-Jul-2025 16:02:56 Europe/Berlin] PHP Warning:  Undefined variable $success in C:\xampp\htdocs\Classic\admin\index.php on line 64
[22-Jul-2025 16:02:57 Europe/Berlin] PHP Warning:  Undefined array key "admin_name" in C:\xampp\htdocs\Classic\admin\dashboard.php on line 11
[22-Jul-2025 16:02:57 Europe/Berlin] PHP Deprecated:  htmlspecialchars(): Passing null to parameter #1 ($string) of type string is deprecated in C:\xampp\htdocs\Classic\admin\dashboard.php on line 11
[22-Jul-2025 16:02:58 Europe/Berlin] PHP Warning:  Undefined array key "admin_name" in C:\xampp\htdocs\Classic\admin\dashboard.php on line 11
[22-Jul-2025 16:02:58 Europe/Berlin] PHP Deprecated:  htmlspecialchars(): Passing null to parameter #1 ($string) of type string is deprecated in C:\xampp\htdocs\Classic\admin\dashboard.php on line 11
[22-Jul-2025 17:20:49 Europe/Berlin] PHP Warning:  Undefined variable $row in C:\xampp\htdocs\Classic\admin\all_orders.php on line 173
[22-Jul-2025 17:20:49 Europe/Berlin] PHP Warning:  Trying to access array offset on value of type null in C:\xampp\htdocs\Classic\admin\all_orders.php on line 173
[22-Jul-2025 17:20:49 Europe/Berlin] PHP Warning:  Undefined variable $row in C:\xampp\htdocs\Classic\admin\all_orders.php on line 174
[22-Jul-2025 17:20:49 Europe/Berlin] PHP Warning:  Trying to access array offset on value of type null in C:\xampp\htdocs\Classic\admin\all_orders.php on line 174
[22-Jul-2025 17:20:49 Europe/Berlin] PHP Warning:  Undefined variable $row in C:\xampp\htdocs\Classic\admin\all_orders.php on line 175
[22-Jul-2025 17:20:49 Europe/Berlin] PHP Warning:  Trying to access array offset on value of type null in C:\xampp\htdocs\Classic\admin\all_orders.php on line 175
[22-Jul-2025 17:20:49 Europe/Berlin] PHP Warning:  Undefined variable $row in C:\xampp\htdocs\Classic\admin\all_orders.php on line 176
[22-Jul-2025 17:20:49 Europe/Berlin] PHP Warning:  Trying to access array offset on value of type null in C:\xampp\htdocs\Classic\admin\all_orders.php on line 176
[22-Jul-2025 17:20:49 Europe/Berlin] PHP Warning:  Undefined variable $row in C:\xampp\htdocs\Classic\admin\all_orders.php on line 173
[22-Jul-2025 17:20:49 Europe/Berlin] PHP Warning:  Trying to access array offset on value of type null in C:\xampp\htdocs\Classic\admin\all_orders.php on line 173
[22-Jul-2025 17:20:49 Europe/Berlin] PHP Warning:  Undefined variable $row in C:\xampp\htdocs\Classic\admin\all_orders.php on line 174
[22-Jul-2025 17:20:49 Europe/Berlin] PHP Warning:  Trying to access array offset on value of type null in C:\xampp\htdocs\Classic\admin\all_orders.php on line 174
[22-Jul-2025 17:20:49 Europe/Berlin] PHP Warning:  Undefined variable $row in C:\xampp\htdocs\Classic\admin\all_orders.php on line 175
[22-Jul-2025 17:20:49 Europe/Berlin] PHP Warning:  Trying to access array offset on value of type null in C:\xampp\htdocs\Classic\admin\all_orders.php on line 175
[22-Jul-2025 17:20:49 Europe/Berlin] PHP Warning:  Undefined variable $row in C:\xampp\htdocs\Classic\admin\all_orders.php on line 176
[22-Jul-2025 17:20:49 Europe/Berlin] PHP Warning:  Trying to access array offset on value of type null in C:\xampp\htdocs\Classic\admin\all_orders.php on line 176
[22-Jul-2025 17:20:49 Europe/Berlin] PHP Warning:  Undefined variable $row in C:\xampp\htdocs\Classic\admin\all_orders.php on line 173
[22-Jul-2025 17:20:49 Europe/Berlin] PHP Warning:  Trying to access array offset on value of type null in C:\xampp\htdocs\Classic\admin\all_orders.php on line 173
[22-Jul-2025 17:20:49 Europe/Berlin] PHP Warning:  Undefined variable $row in C:\xampp\htdocs\Classic\admin\all_orders.php on line 174
[22-Jul-2025 17:20:49 Europe/Berlin] PHP Warning:  Trying to access array offset on value of type null in C:\xampp\htdocs\Classic\admin\all_orders.php on line 174
[22-Jul-2025 17:20:49 Europe/Berlin] PHP Warning:  Undefined variable $row in C:\xampp\htdocs\Classic\admin\all_orders.php on line 175
[22-Jul-2025 17:20:49 Europe/Berlin] PHP Warning:  Trying to access array offset on value of type null in C:\xampp\htdocs\Classic\admin\all_orders.php on line 175
[22-Jul-2025 17:20:49 Europe/Berlin] PHP Warning:  Undefined variable $row in C:\xampp\htdocs\Classic\admin\all_orders.php on line 176
[22-Jul-2025 17:20:49 Europe/Berlin] PHP Warning:  Trying to access array offset on value of type null in C:\xampp\htdocs\Classic\admin\all_orders.php on line 176
[22-Jul-2025 17:20:55 Europe/Berlin] PHP Warning:  Undefined variable $row in C:\xampp\htdocs\Classic\admin\all_orders.php on line 173
[22-Jul-2025 17:20:55 Europe/Berlin] PHP Warning:  Trying to access array offset on value of type null in C:\xampp\htdocs\Classic\admin\all_orders.php on line 173
[22-Jul-2025 17:20:55 Europe/Berlin] PHP Warning:  Undefined variable $row in C:\xampp\htdocs\Classic\admin\all_orders.php on line 174
[22-Jul-2025 17:20:55 Europe/Berlin] PHP Warning:  Trying to access array offset on value of type null in C:\xampp\htdocs\Classic\admin\all_orders.php on line 174
[22-Jul-2025 17:20:55 Europe/Berlin] PHP Warning:  Undefined variable $row in C:\xampp\htdocs\Classic\admin\all_orders.php on line 175
[22-Jul-2025 17:20:55 Europe/Berlin] PHP Warning:  Trying to access array offset on value of type null in C:\xampp\htdocs\Classic\admin\all_orders.php on line 175
[22-Jul-2025 17:20:55 Europe/Berlin] PHP Warning:  Undefined variable $row in C:\xampp\htdocs\Classic\admin\all_orders.php on line 176
[22-Jul-2025 17:20:55 Europe/Berlin] PHP Warning:  Trying to access array offset on value of type null in C:\xampp\htdocs\Classic\admin\all_orders.php on line 176
[22-Jul-2025 17:20:55 Europe/Berlin] PHP Warning:  Undefined variable $row in C:\xampp\htdocs\Classic\admin\all_orders.php on line 173
[22-Jul-2025 17:20:55 Europe/Berlin] PHP Warning:  Trying to access array offset on value of type null in C:\xampp\htdocs\Classic\admin\all_orders.php on line 173
[22-Jul-2025 17:20:55 Europe/Berlin] PHP Warning:  Undefined variable $row in C:\xampp\htdocs\Classic\admin\all_orders.php on line 174
[22-Jul-2025 17:20:55 Europe/Berlin] PHP Warning:  Trying to access array offset on value of type null in C:\xampp\htdocs\Classic\admin\all_orders.php on line 174
[22-Jul-2025 17:20:55 Europe/Berlin] PHP Warning:  Undefined variable $row in C:\xampp\htdocs\Classic\admin\all_orders.php on line 175
[22-Jul-2025 17:20:55 Europe/Berlin] PHP Warning:  Trying to access array offset on value of type null in C:\xampp\htdocs\Classic\admin\all_orders.php on line 175
[22-Jul-2025 17:20:55 Europe/Berlin] PHP Warning:  Undefined variable $row in C:\xampp\htdocs\Classic\admin\all_orders.php on line 176
[22-Jul-2025 17:20:55 Europe/Berlin] PHP Warning:  Trying to access array offset on value of type null in C:\xampp\htdocs\Classic\admin\all_orders.php on line 176
[22-Jul-2025 17:20:55 Europe/Berlin] PHP Warning:  Undefined variable $row in C:\xampp\htdocs\Classic\admin\all_orders.php on line 173
[22-Jul-2025 17:20:55 Europe/Berlin] PHP Warning:  Trying to access array offset on value of type null in C:\xampp\htdocs\Classic\admin\all_orders.php on line 173
[22-Jul-2025 17:20:55 Europe/Berlin] PHP Warning:  Undefined variable $row in C:\xampp\htdocs\Classic\admin\all_orders.php on line 174
[22-Jul-2025 17:20:55 Europe/Berlin] PHP Warning:  Trying to access array offset on value of type null in C:\xampp\htdocs\Classic\admin\all_orders.php on line 174
[22-Jul-2025 17:20:55 Europe/Berlin] PHP Warning:  Undefined variable $row in C:\xampp\htdocs\Classic\admin\all_orders.php on line 175
[22-Jul-2025 17:20:55 Europe/Berlin] PHP Warning:  Trying to access array offset on value of type null in C:\xampp\htdocs\Classic\admin\all_orders.php on line 175
[22-Jul-2025 17:20:55 Europe/Berlin] PHP Warning:  Undefined variable $row in C:\xampp\htdocs\Classic\admin\all_orders.php on line 176
[22-Jul-2025 17:20:55 Europe/Berlin] PHP Warning:  Trying to access array offset on value of type null in C:\xampp\htdocs\Classic\admin\all_orders.php on line 176
